<?xml version="1.0" encoding="UTF-8"?>
<testsuite xmlns:xsi="http://www.w3.org/2001/XMLSchema-instance" xsi:noNamespaceSchemaLocation="https://maven.apache.org/surefire/maven-surefire-plugin/xsd/surefire-test-report-3.0.xsd" version="3.0" name="com.example.triangle.TriangleClassifierTest" time="0.099" tests="25" errors="0" skipped="0" failures="0">
  <properties>
    <property name="java.specification.version" value="23"/>
    <property name="sun.jnu.encoding" value="UTF-8"/>
    <property name="java.class.path" value="/Users/gabrielmartins/Documents/verival-t1/triangle-classifier/target/test-classes:/Users/gabrielmartins/Documents/verival-t1/triangle-classifier/target/classes:/Users/gabrielmartins/.m2/repository/org/junit/jupiter/junit-jupiter-api/5.10.2/junit-jupiter-api-5.10.2.jar:/Users/gabrielmartins/.m2/repository/org/opentest4j/opentest4j/1.3.0/opentest4j-1.3.0.jar:/Users/gabrielmartins/.m2/repository/org/junit/platform/junit-platform-commons/1.10.2/junit-platform-commons-1.10.2.jar:/Users/gabrielmartins/.m2/repository/org/apiguardian/apiguardian-api/1.1.2/apiguardian-api-1.1.2.jar:/Users/gabrielmartins/.m2/repository/org/junit/jupiter/junit-jupiter-engine/5.10.2/junit-jupiter-engine-5.10.2.jar:/Users/gabrielmartins/.m2/repository/org/junit/platform/junit-platform-engine/1.10.2/junit-platform-engine-1.10.2.jar:/Users/gabrielmartins/.m2/repository/org/junit/jupiter/junit-jupiter-params/5.10.2/junit-jupiter-params-5.10.2.jar:"/>
    <property name="java.vm.vendor" value="Homebrew"/>
    <property name="sun.arch.data.model" value="64"/>
    <property name="java.vendor.url" value="https://github.com/Homebrew/homebrew-core/issues"/>
    <property name="os.name" value="Mac OS X"/>
    <property name="java.vm.specification.version" value="23"/>
    <property name="sun.java.launcher" value="SUN_STANDARD"/>
    <property name="user.country" value="BR"/>
    <property name="sun.boot.library.path" value="/opt/homebrew/Cellar/openjdk/23.0.2/libexec/openjdk.jdk/Contents/Home/lib"/>
    <property name="sun.java.command" value="/Users/gabrielmartins/Documents/verival-t1/triangle-classifier/target/surefire/surefirebooter-20250515194543982_3.jar /Users/gabrielmartins/Documents/verival-t1/triangle-classifier/target/surefire 2025-05-15T19-45-43_936-jvmRun1 surefire-20250515194543982_1tmp surefire_0-20250515194543982_2tmp"/>
    <property name="http.nonProxyHosts" value="local|*.local|169.254/16|*.169.254/16"/>
    <property name="jdk.debug" value="release"/>
    <property name="surefire.test.class.path" value="/Users/gabrielmartins/Documents/verival-t1/triangle-classifier/target/test-classes:/Users/gabrielmartins/Documents/verival-t1/triangle-classifier/target/classes:/Users/gabrielmartins/.m2/repository/org/junit/jupiter/junit-jupiter-api/5.10.2/junit-jupiter-api-5.10.2.jar:/Users/gabrielmartins/.m2/repository/org/opentest4j/opentest4j/1.3.0/opentest4j-1.3.0.jar:/Users/gabrielmartins/.m2/repository/org/junit/platform/junit-platform-commons/1.10.2/junit-platform-commons-1.10.2.jar:/Users/gabrielmartins/.m2/repository/org/apiguardian/apiguardian-api/1.1.2/apiguardian-api-1.1.2.jar:/Users/gabrielmartins/.m2/repository/org/junit/jupiter/junit-jupiter-engine/5.10.2/junit-jupiter-engine-5.10.2.jar:/Users/gabrielmartins/.m2/repository/org/junit/platform/junit-platform-engine/1.10.2/junit-platform-engine-1.10.2.jar:/Users/gabrielmartins/.m2/repository/org/junit/jupiter/junit-jupiter-params/5.10.2/junit-jupiter-params-5.10.2.jar:"/>
    <property name="sun.cpu.endian" value="little"/>
    <property name="user.home" value="/Users/gabrielmartins"/>
    <property name="user.language" value="en"/>
    <property name="java.specification.vendor" value="Oracle Corporation"/>
    <property name="java.version.date" value="2025-01-21"/>
    <property name="java.home" value="/opt/homebrew/Cellar/openjdk/23.0.2/libexec/openjdk.jdk/Contents/Home"/>
    <property name="file.separator" value="/"/>
    <property name="basedir" value="/Users/gabrielmartins/Documents/verival-t1/triangle-classifier"/>
    <property name="java.vm.compressedOopsMode" value="Zero based"/>
    <property name="line.separator" value="&#10;"/>
    <property name="java.vm.specification.vendor" value="Oracle Corporation"/>
    <property name="java.specification.name" value="Java Platform API Specification"/>
    <property name="apple.awt.application.name" value="ForkedBooter"/>
    <property name="surefire.real.class.path" value="/Users/gabrielmartins/Documents/verival-t1/triangle-classifier/target/surefire/surefirebooter-20250515194543982_3.jar"/>
    <property name="sun.management.compiler" value="HotSpot 64-Bit Tiered Compilers"/>
    <property name="ftp.nonProxyHosts" value="local|*.local|169.254/16|*.169.254/16"/>
    <property name="java.runtime.version" value="23.0.2"/>
    <property name="user.name" value="gabrielmartins"/>
    <property name="stdout.encoding" value="UTF-8"/>
    <property name="path.separator" value=":"/>
    <property name="os.version" value="13.5"/>
    <property name="java.runtime.name" value="OpenJDK Runtime Environment"/>
    <property name="file.encoding" value="UTF-8"/>
    <property name="java.vm.name" value="OpenJDK 64-Bit Server VM"/>
    <property name="java.vendor.version" value="Homebrew"/>
    <property name="localRepository" value="/Users/gabrielmartins/.m2/repository"/>
    <property name="java.vendor.url.bug" value="https://github.com/Homebrew/homebrew-core/issues"/>
    <property name="java.io.tmpdir" value="/var/folders/1b/ddhdjkfd7vdgzqf1xfftjlk80000gn/T/"/>
    <property name="java.version" value="23.0.2"/>
    <property name="user.dir" value="/Users/gabrielmartins/Documents/verival-t1/triangle-classifier"/>
    <property name="os.arch" value="aarch64"/>
    <property name="java.vm.specification.name" value="Java Virtual Machine Specification"/>
    <property name="native.encoding" value="UTF-8"/>
    <property name="java.library.path" value="/Users/gabrielmartins/Library/Java/Extensions:/Library/Java/Extensions:/Network/Library/Java/Extensions:/System/Library/Java/Extensions:/usr/lib/java:."/>
    <property name="java.vm.info" value="mixed mode, sharing"/>
    <property name="stderr.encoding" value="UTF-8"/>
    <property name="java.vendor" value="Homebrew"/>
    <property name="java.vm.version" value="23.0.2"/>
    <property name="sun.io.unicode.encoding" value="UnicodeBig"/>
    <property name="socksNonProxyHosts" value="local|*.local|169.254/16|*.169.254/16"/>
    <property name="java.class.version" value="67.0"/>
  </properties>
  <testcase name="testContratoExclusividadeNaoForma" classname="com.example.triangle.TriangleClassifierTest" time="0.017"/>
  <testcase name="testContratoUmaClassificacaoAngulo" classname="com.example.triangle.TriangleClassifierTest" time="0.002"/>
  <testcase name="testContratoOrdemClassificacoes" classname="com.example.triangle.TriangleClassifierTest" time="0.002"/>
  <testcase name="parameterizedTriangleTests(double, double, double, List, String)[1]" classname="com.example.triangle.TriangleClassifierTest" time="0.016"/>
  <testcase name="parameterizedTriangleTests(double, double, double, List, String)[2]" classname="com.example.triangle.TriangleClassifierTest" time="0.0"/>
  <testcase name="parameterizedTriangleTests(double, double, double, List, String)[3]" classname="com.example.triangle.TriangleClassifierTest" time="0.001"/>
  <testcase name="parameterizedTriangleTests(double, double, double, List, String)[4]" classname="com.example.triangle.TriangleClassifierTest" time="0.001"/>
  <testcase name="parameterizedTriangleTests(double, double, double, List, String)[5]" classname="com.example.triangle.TriangleClassifierTest" time="0.0"/>
  <testcase name="parameterizedTriangleTests(double, double, double, List, String)[6]" classname="com.example.triangle.TriangleClassifierTest" time="0.0"/>
  <testcase name="parameterizedTriangleTests(double, double, double, List, String)[7]" classname="com.example.triangle.TriangleClassifierTest" time="0.001"/>
  <testcase name="parameterizedTriangleTests(double, double, double, List, String)[8]" classname="com.example.triangle.TriangleClassifierTest" time="0.001"/>
  <testcase name="parameterizedTriangleTests(double, double, double, List, String)[9]" classname="com.example.triangle.TriangleClassifierTest" time="0.001"/>
  <testcase name="parameterizedTriangleTests(double, double, double, List, String)[10]" classname="com.example.triangle.TriangleClassifierTest" time="0.0"/>
  <testcase name="parameterizedTriangleTests(double, double, double, List, String)[11]" classname="com.example.triangle.TriangleClassifierTest" time="0.0"/>
  <testcase name="parameterizedTriangleTests(double, double, double, List, String)[12]" classname="com.example.triangle.TriangleClassifierTest" time="0.0"/>
  <testcase name="parameterizedTriangleTests(double, double, double, List, String)[13]" classname="com.example.triangle.TriangleClassifierTest" time="0.0"/>
  <testcase name="parameterizedTriangleTests(double, double, double, List, String)[14]" classname="com.example.triangle.TriangleClassifierTest" time="0.001"/>
  <testcase name="parameterizedTriangleTests(double, double, double, List, String)[15]" classname="com.example.triangle.TriangleClassifierTest" time="0.001"/>
  <testcase name="parameterizedTriangleTests(double, double, double, List, String)[16]" classname="com.example.triangle.TriangleClassifierTest" time="0.001"/>
  <testcase name="parameterizedTriangleTests(double, double, double, List, String)[17]" classname="com.example.triangle.TriangleClassifierTest" time="0.0"/>
  <testcase name="parameterizedTriangleTests(double, double, double, List, String)[18]" classname="com.example.triangle.TriangleClassifierTest" time="0.0"/>
  <testcase name="parameterizedTriangleTests(double, double, double, List, String)[19]" classname="com.example.triangle.TriangleClassifierTest" time="0.001"/>
  <testcase name="parameterizedTriangleTests(double, double, double, List, String)[20]" classname="com.example.triangle.TriangleClassifierTest" time="0.001"/>
  <testcase name="parameterizedTriangleTests(double, double, double, List, String)[21]" classname="com.example.triangle.TriangleClassifierTest" time="0.001"/>
  <testcase name="testContratoSaidaNaoNulaOuVazia" classname="com.example.triangle.TriangleClassifierTest" time="0.001"/>
</testsuite>